<?xml version="1.0" encoding="UTF-8"?>
<!-- Generated by org.testng.reporters.JUnitXMLReporter -->
<testsuite ignored="0" hostname="DESKTOP-B8228OQ" failures="1" tests="6" name="Command line test" time="37.764" errors="0" timestamp="2025-05-17T18:47:07 AEST">
  <testcase classname="com.automation.AddRemoveElementTest" name="verifyAddRemoveElementTest" time="0.8"/>
  <testcase classname="com.automation.StandAloneTest" name="welcomeTextTest" time="0.082"/>
  <testcase classname="com.automation.StatusCodeTest" name="verifyStatusCode200" time="0.89"/>
  <testcase classname="com.automation.StatusCodeTest" name="verifyStatusCode301" time="0.858"/>
  <testcase classname="com.automation.StatusCodeTest" name="verifyStatusCode404" time="0.859"/>
  <testcase classname="com.automation.StatusCodeTest" name="verifyStatusCode500" time="0.917">
    <failure type="java.lang.AssertionError" message="expected [true] but found [false]">
      <![CDATA[java.lang.AssertionError: expected [true] but found [false]
at com.x.webAutomation.scenarios.StatusCodeScenarios.statusCode500(StatusCodeScenarios.java:46)
at com.automation.StatusCodeTest.verifyStatusCode500(StatusCodeTest.java:33)
at java.base/java.util.ArrayList.forEach(ArrayList.java:1511)
... Removed 41 stack frames]]>
    </failure>
  </testcase> <!-- verifyStatusCode500 -->
</testsuite> <!-- Command line test -->
