<?xml version="1.0" encoding="UTF-8" ?>
<testsuite tests="6" failures="1" name="TestSuite" time="4.41" errors="0" skipped="0">
  <properties>
    <property name="idea.version" value="2021.1.3"/>
    <property name="java.runtime.name" value="Java(TM) SE Runtime Environment"/>
    <property name="java.vm.version" value="17.0.3.1+2-LTS-6"/>
    <property name="sun.boot.library.path" value="C:\Program Files\Java\jdk-17.0.3.1\bin"/>
    <property name="maven.multiModuleProjectDirectory" value="C:\Users\polav\Desktop\AutomatioFrameworks"/>
    <property name="java.vm.vendor" value="Oracle Corporation"/>
    <property name="java.vendor.url" value="https://java.oracle.com/"/>
    <property name="guice.disable.misplaced.annotation.check" value="true"/>
    <property name="path.separator" value=";"/>
    <property name="java.vm.name" value="Java HotSpot(TM) 64-Bit Server VM"/>
    <property name="sun.os.patch.level" value=""/>
    <property name="user.script" value=""/>
    <property name="user.country" value="US"/>
    <property name="sun.java.launcher" value="SUN_STANDARD"/>
    <property name="java.vm.specification.name" value="Java Virtual Machine Specification"/>
    <property name="user.dir" value="C:\Users\polav\Desktop\AutomatioFrameworks"/>
    <property name="java.vm.compressedOopsMode" value="Zero based"/>
    <property name="java.runtime.version" value="17.0.3.1+2-LTS-6"/>
    <property name="os.arch" value="amd64"/>
    <property name="java.io.tmpdir" value="C:\Users\polav\AppData\Local\Temp\"/>
    <property name="line.separator" value="
"/>
    <property name="java.vm.specification.vendor" value="Oracle Corporation"/>
    <property name="user.variant" value=""/>
    <property name="os.name" value="Windows 11"/>
    <property name="maven.ext.class.path" value="C:\Program Files\JetBrains\IntelliJ IDEA Community Edition 2021.1.3\plugins\maven\lib\maven-event-listener.jar"/>
    <property name="classworlds.conf" value="C:\Program Files\JetBrains\IntelliJ IDEA Community Edition 2021.1.3\plugins\maven\lib\maven3\bin\m2.conf"/>
    <property name="sun.jnu.encoding" value="Cp1252"/>
    <property name="java.library.path" value="C:\Program Files\Java\jdk-17.0.3.1\bin;C:\WINDOWS\Sun\Java\bin;C:\WINDOWS\system32;C:\WINDOWS;C:\Program Files\Common Files\Oracle\Java\javapath;C:\Program Files (x86)\Common Files\Oracle\Java\javapath;C:\WINDOWS\system32;C:\WINDOWS;C:\WINDOWS\System32\Wbem;C:\WINDOWS\System32\WindowsPowerShell\v1.0\;C:\WINDOWS\System32\OpenSSH\;C:\Program Files (x86)\Pulse Secure\VC142.CRT\X64\;C:\Program Files (x86)\Pulse Secure\VC142.CRT\X86\;C:\Program Files (x86)\Common Files\Pulse Secure\TNC Client Plugin\;C:\Program Files\Java\jdk-17.0.3.1\bin;C:\Program Files (x86)\Java\jre1.8.0_351\bin;C:\gradle-8.0.2\bin;C:\Program Files\Java\jdk-17.0.3.1\bin;C:\Program Files\Git\cmd;C:\Program Files\dotnet\;C:\Program Files\MySQL\MySQL Shell 8.0\bin\;C:\Users\polav\AppData\Local\Microsoft\WindowsApps;C:\Program Files\Java\jdk-17.0.3.1\bin;C:\Program Files (x86)\Java\jre1.8.0_351\bin;C:\Program Files\Java\jdk-17.0.3.1\bin;;C:\Program Files\JetBrains\IntelliJ IDEA Community Edition 2023.1.2\bin;;C:\Users\polav\AppData\Local\Programs\Microsoft VS Code\bin;."/>
    <property name="maven.conf" value="C:\Program Files\JetBrains\IntelliJ IDEA Community Edition 2021.1.3\plugins\maven\lib\maven3/conf"/>
    <property name="jdk.debug" value="release"/>
    <property name="java.class.version" value="61.0"/>
    <property name="java.specification.name" value="Java Platform API Specification"/>
    <property name="sun.management.compiler" value="HotSpot 64-Bit Tiered Compilers"/>
    <property name="os.version" value="10.0"/>
    <property name="user.home" value="C:\Users\polav"/>
    <property name="user.timezone" value="Australia/Sydney"/>
    <property name="file.encoding" value="UTF-8"/>
    <property name="java.specification.version" value="17"/>
    <property name="user.name" value="polav"/>
    <property name="java.class.path" value="C:\Program Files\JetBrains\IntelliJ IDEA Community Edition 2021.1.3\plugins\maven\lib\maven3\boot\plexus-classworlds-2.6.0.jar;C:\Program Files\JetBrains\IntelliJ IDEA Community Edition 2021.1.3\plugins\maven\lib\maven3\boot\plexus-classworlds.license"/>
    <property name="java.vm.specification.version" value="17"/>
    <property name="sun.arch.data.model" value="64"/>
    <property name="sun.java.command" value="org.codehaus.classworlds.Launcher -Didea.version=2021.1.3 install"/>
    <property name="java.home" value="C:\Program Files\Java\jdk-17.0.3.1"/>
    <property name="user.language" value="en"/>
    <property name="java.specification.vendor" value="Oracle Corporation"/>
    <property name="java.vm.info" value="mixed mode, sharing"/>
    <property name="java.version" value="17.0.3.1"/>
    <property name="native.encoding" value="Cp1252"/>
    <property name="java.vendor" value="Oracle Corporation"/>
    <property name="maven.home" value="C:\Program Files\JetBrains\IntelliJ IDEA Community Edition 2021.1.3\plugins\maven\lib\maven3"/>
    <property name="file.separator" value="\"/>
    <property name="java.version.date" value="2022-04-22"/>
    <property name="java.vendor.url.bug" value="https://bugreport.java.com/bugreport/"/>
    <property name="sun.io.unicode.encoding" value="UnicodeLittle"/>
    <property name="sun.cpu.endian" value="little"/>
    <property name="sun.cpu.isalist" value="amd64"/>
  </properties>
  <testcase classname="com.automation.AddRemoveElementTest" name="verifyAddRemoveElementTest" time="0.803"/>
  <testcase classname="com.automation.StandAloneTest" name="welcomeTextTest" time="0.082"/>
  <testcase classname="com.automation.StatusCodeTest" name="verifyStatusCode200" time="0.89"/>
  <testcase classname="com.automation.StatusCodeTest" name="verifyStatusCode301" time="0.859"/>
  <testcase classname="com.automation.StatusCodeTest" name="verifyStatusCode404" time="0.859"/>
  <testcase classname="com.automation.StatusCodeTest" name="verifyStatusCode500" time="0.917">
    <failure message="expected [true] but found [false]" type="java.lang.AssertionError">java.lang.AssertionError: expected [true] but found [false]
	at org.testng.Assert.fail(Assert.java:111)
	at org.testng.Assert.failNotEquals(Assert.java:1590)
	at org.testng.Assert.assertTrue(Assert.java:57)
	at org.testng.Assert.assertTrue(Assert.java:67)
	at com.x.webAutomation.scenarios.StatusCodeScenarios.statusCode500(StatusCodeScenarios.java:46)
	at com.automation.StatusCodeTest.verifyStatusCode500(StatusCodeTest.java:33)
</failure>
    <system-out>2025-05-17 18:47:01 INFO  [main] common.Listeners  (Listeners.java:53)  - ? Test Passed: verifyStatusCode404
In set driver method ChromeDriver: chrome on windows (7efd9c18a85c724f146b4b957c7ef558)
2025-05-17 18:47:06 INFO  [main] common.Listeners  (Listeners.java:47)  - Test Started: verifyStatusCode500
2025-05-17 18:47:06 INFO  [main] common.Listeners  (Listeners.java:74)  - --- Before Method: verifyStatusCode500 ---
2025-05-17 18:47:06 INFO  [main] utils.CommonUtilities (CommonUtilities.java:36)  - Clicked on element: Proxy element for: DefaultElementLocator &apos;By.xpath: //a[contains(text(),&apos;Status Codes&apos;)]&apos;
2025-05-17 18:47:06 INFO  [main] utils.CommonUtilities (CommonUtilities.java:36)  - Clicked on element: Proxy element for: DefaultElementLocator &apos;By.xpath: //a[text()=&apos;500&apos;]&apos;
2025-05-17 18:47:06 INFO  [main] controllers.SetUpTest (StatusCodeDAO.java:56)  - clicked on status 500
2025-05-17 18:47:06 INFO  [main] utils.CommonUtilities (CommonUtilities.java:55)  - Successfully captured text from logging text: This page returned a 500 status code.

For a definition and common list of HTTP status codes, go here
2025-05-17 18:47:06 INFO  [main] controllers.SetUpTest (StatusCodeDAO.java:60)  - This page returned a 500 status code.

For a definition and common list of HTTP status codes, go here
2025-05-17 18:47:06 INFO  [main] utils.CommonUtilities (CommonUtilities.java:55)  - Successfully captured text from Status returned from text: This page returned a 500 status code.

For a definition and common list of HTTP status codes, go here
2025-05-17 18:47:06 INFO  [main] common.Listeners  (Listeners.java:82)  - Thread id = 1
2025-05-17 18:47:06 INFO  [main] common.Listeners  (Listeners.java:83)  - Hashcode of webDriver instance = 64068997
</system-out>
  </testcase>
</testsuite>